<?xml version="1.0" encoding="UTF-8"?>
<testsuite xmlns:xsi="http://www.w3.org/2001/XMLSchema-instance" xsi:noNamespaceSchemaLocation="https://maven.apache.org/surefire/maven-surefire-plugin/xsd/surefire-test-report-3.0.xsd" version="3.0" name="com.jamii.sdk.core.JamiiWalletTest" time="1.283" tests="3" errors="0" skipped="0" failures="0">
  <properties>
[...]
</properties>
  <testcase name="testKeystoreRoundtrip(File)" classname="com.jamii.sdk.core.JamiiWalletTest" time="1.227"/>
  <testcase name="testWalletGenerationAndRecovery" classname="com.jamii.sdk.core.JamiiWalletTest" time="0.028"/>
  <testcase name="testGoWalletCliCompatibility" classname="com.jamii.sdk.core.JamiiWalletTest" time="0.006"/>
</testsuite>